2017-11-15T03:57:29+00:00 ERR (3): Notice: Undefined index: files  in H:\xampp\htdocs\m1.9-controlbody\includes\src\__default.php on line 36750
2017-11-15T03:57:29+00:00 ERR (3): Warning: Invalid argument supplied for foreach()  in H:\xampp\htdocs\m1.9-controlbody\includes\src\__default.php on line 36828
2017-11-15T03:58:40+00:00 ERR (3): Notice: Undefined index: files  in H:\xampp\htdocs\m1.9-controlbody\includes\src\__default.php on line 36750
2017-11-15T03:58:40+00:00 ERR (3): Warning: Invalid argument supplied for foreach()  in H:\xampp\htdocs\m1.9-controlbody\includes\src\__default.php on line 36828
2017-11-15T03:59:09+00:00 ERR (3): Notice: Undefined index: files  in H:\xampp\htdocs\m1.9-controlbody\includes\src\__default.php on line 36750
2017-11-15T03:59:09+00:00 ERR (3): Warning: Invalid argument supplied for foreach()  in H:\xampp\htdocs\m1.9-controlbody\includes\src\__default.php on line 36828
2017-11-15T03:59:15+00:00 ERR (3): Notice: Undefined index: files  in H:\xampp\htdocs\m1.9-controlbody\includes\src\__default.php on line 36750
2017-11-15T03:59:15+00:00 ERR (3): Warning: Invalid argument supplied for foreach()  in H:\xampp\htdocs\m1.9-controlbody\includes\src\__default.php on line 36828
2017-11-15T04:00:15+00:00 ERR (3): Notice: Undefined index: files  in H:\xampp\htdocs\m1.9-controlbody\includes\src\__default.php on line 36750
2017-11-15T04:00:15+00:00 ERR (3): Warning: Invalid argument supplied for foreach()  in H:\xampp\htdocs\m1.9-controlbody\includes\src\__default.php on line 36828
2017-11-15T04:00:33+00:00 ERR (3): Notice: Undefined index: files  in H:\xampp\htdocs\m1.9-controlbody\includes\src\__default.php on line 36750
2017-11-15T04:00:33+00:00 ERR (3): Warning: Invalid argument supplied for foreach()  in H:\xampp\htdocs\m1.9-controlbody\includes\src\__default.php on line 36828
2017-11-15T04:00:54+00:00 ERR (3): Notice: Undefined index: files  in H:\xampp\htdocs\m1.9-controlbody\includes\src\__default.php on line 36750
2017-11-15T04:00:54+00:00 ERR (3): Warning: Invalid argument supplied for foreach()  in H:\xampp\htdocs\m1.9-controlbody\includes\src\__default.php on line 36828
2017-11-15T04:01:06+00:00 ERR (3): Notice: Undefined index: files  in H:\xampp\htdocs\m1.9-controlbody\includes\src\__default.php on line 36750
2017-11-15T04:01:06+00:00 ERR (3): Warning: Invalid argument supplied for foreach()  in H:\xampp\htdocs\m1.9-controlbody\includes\src\__default.php on line 36828
2017-11-15T04:10:48+00:00 ERR (3): Notice: Undefined index: files  in H:\xampp\htdocs\m1.9-controlbody\includes\src\__default.php on line 36750
2017-11-15T04:10:48+00:00 ERR (3): Warning: Invalid argument supplied for foreach()  in H:\xampp\htdocs\m1.9-controlbody\includes\src\__default.php on line 36828
2017-11-15T04:14:11+00:00 ERR (3): Notice: Undefined index: files  in H:\xampp\htdocs\m1.9-controlbody\includes\src\__default.php on line 36750
2017-11-15T04:14:11+00:00 ERR (3): Warning: Invalid argument supplied for foreach()  in H:\xampp\htdocs\m1.9-controlbody\includes\src\__default.php on line 36828
2017-11-15T04:14:13+00:00 ERR (3): Notice: Undefined index: files  in H:\xampp\htdocs\m1.9-controlbody\includes\src\__default.php on line 36750
2017-11-15T04:14:13+00:00 ERR (3): Warning: Invalid argument supplied for foreach()  in H:\xampp\htdocs\m1.9-controlbody\includes\src\__default.php on line 36828
2017-11-15T04:14:14+00:00 CRIT (2): Not valid template file:frontend\base\default\template\page/html/category-home.phtml
2017-11-15T04:14:32+00:00 ERR (3): Notice: Undefined index: files  in H:\xampp\htdocs\m1.9-controlbody\includes\src\__default.php on line 36750
2017-11-15T04:14:32+00:00 ERR (3): Warning: Invalid argument supplied for foreach()  in H:\xampp\htdocs\m1.9-controlbody\includes\src\__default.php on line 36828
2017-11-15T04:14:37+00:00 ERR (3): Notice: Undefined index: files  in H:\xampp\htdocs\m1.9-controlbody\includes\src\__default.php on line 36750
2017-11-15T04:14:37+00:00 ERR (3): Warning: Invalid argument supplied for foreach()  in H:\xampp\htdocs\m1.9-controlbody\includes\src\__default.php on line 36828
2017-11-15T04:14:38+00:00 CRIT (2): Not valid template file:frontend\base\default\template\page/html/category-home.phtml
2017-11-15T04:17:01+00:00 ERR (3): Notice: Undefined index: files  in H:\xampp\htdocs\m1.9-controlbody\includes\src\__default.php on line 36750
2017-11-15T04:17:01+00:00 ERR (3): Warning: Invalid argument supplied for foreach()  in H:\xampp\htdocs\m1.9-controlbody\includes\src\__default.php on line 36828
2017-11-15T04:17:02+00:00 CRIT (2): Not valid template file:frontend\base\default\template\page/html/category-home.phtml
2017-11-15T04:18:58+00:00 ERR (3): Notice: Undefined index: files  in H:\xampp\htdocs\m1.9-controlbody\includes\src\__default.php on line 36750
2017-11-15T04:18:58+00:00 ERR (3): Warning: Invalid argument supplied for foreach()  in H:\xampp\htdocs\m1.9-controlbody\includes\src\__default.php on line 36828
2017-11-15T04:18:59+00:00 CRIT (2): Not valid template file:frontend\base\default\template\page/html/category-home.phtml
2017-11-15T04:19:11+00:00 ERR (3): Notice: Undefined index: files  in H:\xampp\htdocs\m1.9-controlbody\includes\src\__default.php on line 36750
2017-11-15T04:19:11+00:00 ERR (3): Warning: Invalid argument supplied for foreach()  in H:\xampp\htdocs\m1.9-controlbody\includes\src\__default.php on line 36828
2017-11-15T04:19:12+00:00 CRIT (2): Not valid template file:frontend\base\default\template\page/html/category-home.phtml
2017-11-15T04:25:09+00:00 ERR (3): Notice: Undefined index: files  in H:\xampp\htdocs\m1.9-controlbody\includes\src\__default.php on line 36750
2017-11-15T04:25:09+00:00 ERR (3): Warning: Invalid argument supplied for foreach()  in H:\xampp\htdocs\m1.9-controlbody\includes\src\__default.php on line 36828
2017-11-15T04:25:39+00:00 ERR (3): Notice: Undefined index: files  in H:\xampp\htdocs\m1.9-controlbody\includes\src\__default.php on line 36750
2017-11-15T04:25:39+00:00 ERR (3): Warning: Invalid argument supplied for foreach()  in H:\xampp\htdocs\m1.9-controlbody\includes\src\__default.php on line 36828
2017-11-15T04:25:45+00:00 CRIT (2): Not valid template file:frontend\base\default\template\page/html/category-home.phtml
2017-11-15T04:27:06+00:00 ERR (3): Notice: Undefined index: files  in H:\xampp\htdocs\m1.9-controlbody\includes\src\__default.php on line 36750
2017-11-15T04:27:06+00:00 ERR (3): Warning: Invalid argument supplied for foreach()  in H:\xampp\htdocs\m1.9-controlbody\includes\src\__default.php on line 36828
2017-11-15T04:27:07+00:00 CRIT (2): Not valid template file:frontend\base\default\template\page/html/category-home.phtml
2017-11-15T04:27:14+00:00 ERR (3): Notice: Undefined index: files  in H:\xampp\htdocs\m1.9-controlbody\includes\src\__default.php on line 36750
2017-11-15T04:27:14+00:00 ERR (3): Warning: Invalid argument supplied for foreach()  in H:\xampp\htdocs\m1.9-controlbody\includes\src\__default.php on line 36828
2017-11-15T04:27:15+00:00 CRIT (2): Not valid template file:frontend\base\default\template\page/html/category-home.phtml
2017-11-15T04:31:15+00:00 ERR (3): Notice: Undefined index: files  in H:\xampp\htdocs\m1.9-controlbody\includes\src\__default.php on line 36750
2017-11-15T04:31:15+00:00 ERR (3): Warning: Invalid argument supplied for foreach()  in H:\xampp\htdocs\m1.9-controlbody\includes\src\__default.php on line 36828
2017-11-15T04:31:25+00:00 CRIT (2): Not valid template file:frontend\base\default\template\page/html/category-home.phtml
2017-11-15T04:58:16+00:00 ERR (3): Notice: Undefined index: files  in H:\xampp\htdocs\m1.9-controlbody\includes\src\__default.php on line 36750
2017-11-15T04:58:17+00:00 ERR (3): Warning: Invalid argument supplied for foreach()  in H:\xampp\htdocs\m1.9-controlbody\includes\src\__default.php on line 36828
2017-11-15T04:58:31+00:00 CRIT (2): Not valid template file:frontend\base\default\template\page/html/category-home.phtml
2017-11-15T06:39:52+00:00 ERR (3): Notice: Undefined index: files  in H:\xampp\htdocs\m1.9-controlbody\includes\src\__default.php on line 36750
2017-11-15T06:39:52+00:00 ERR (3): Warning: Invalid argument supplied for foreach()  in H:\xampp\htdocs\m1.9-controlbody\includes\src\__default.php on line 36828
2017-11-15T06:40:26+00:00 ERR (3): Notice: Undefined index: files  in H:\xampp\htdocs\m1.9-controlbody\includes\src\__default.php on line 36750
2017-11-15T06:40:26+00:00 ERR (3): Warning: Invalid argument supplied for foreach()  in H:\xampp\htdocs\m1.9-controlbody\includes\src\__default.php on line 36828
2017-11-15T06:40:41+00:00 CRIT (2): Not valid template file:frontend\base\default\template\page/html/category-home.phtml
2017-11-15T07:11:19+00:00 ERR (3): Notice: Undefined index: files  in H:\xampp\htdocs\m1.9-controlbody\includes\src\__default.php on line 36750
2017-11-15T07:11:19+00:00 ERR (3): Warning: Invalid argument supplied for foreach()  in H:\xampp\htdocs\m1.9-controlbody\includes\src\__default.php on line 36828
2017-11-15T07:12:07+00:00 ERR (3): Notice: Undefined index: files  in H:\xampp\htdocs\m1.9-controlbody\includes\src\__default.php on line 36750
2017-11-15T07:12:07+00:00 ERR (3): Warning: Invalid argument supplied for foreach()  in H:\xampp\htdocs\m1.9-controlbody\includes\src\__default.php on line 36828
2017-11-15T07:12:19+00:00 ERR (3): Notice: Undefined index: files  in H:\xampp\htdocs\m1.9-controlbody\includes\src\__default.php on line 36750
2017-11-15T07:12:19+00:00 ERR (3): Warning: Invalid argument supplied for foreach()  in H:\xampp\htdocs\m1.9-controlbody\includes\src\__default.php on line 36828
2017-11-16T02:54:46+00:00 ERR (3): Notice: Undefined index: files  in H:\xampp\htdocs\m1.9-controlbody\includes\src\__default.php on line 36750
2017-11-16T02:54:46+00:00 ERR (3): Warning: Invalid argument supplied for foreach()  in H:\xampp\htdocs\m1.9-controlbody\includes\src\__default.php on line 36828
2017-11-16T03:23:57+00:00 ERR (3): Notice: Undefined index: files  in H:\xampp\htdocs\m1.9-controlbody\includes\src\__default.php on line 36750
2017-11-16T03:23:57+00:00 ERR (3): Warning: Invalid argument supplied for foreach()  in H:\xampp\htdocs\m1.9-controlbody\includes\src\__default.php on line 36828
2017-11-16T03:24:00+00:00 ERR (3): Notice: Undefined index: files  in H:\xampp\htdocs\m1.9-controlbody\includes\src\__default.php on line 36750
2017-11-16T03:24:00+00:00 ERR (3): Warning: Invalid argument supplied for foreach()  in H:\xampp\htdocs\m1.9-controlbody\includes\src\__default.php on line 36828
2017-11-16T03:24:02+00:00 CRIT (2): Not valid template file:frontend\base\default\template\page/html/category-home.phtml
2017-11-16T04:13:04+00:00 ERR (3): Notice: Undefined index: files  in H:\xampp\htdocs\m1.9-controlbody\includes\src\__default.php on line 36750
2017-11-16T04:13:04+00:00 ERR (3): Warning: Invalid argument supplied for foreach()  in H:\xampp\htdocs\m1.9-controlbody\includes\src\__default.php on line 36828
2017-11-16T04:13:23+00:00 ERR (3): Notice: Undefined index: files  in H:\xampp\htdocs\m1.9-controlbody\includes\src\__default.php on line 36750
2017-11-16T04:13:23+00:00 ERR (3): Warning: Invalid argument supplied for foreach()  in H:\xampp\htdocs\m1.9-controlbody\includes\src\__default.php on line 36828
2017-11-16T04:13:24+00:00 CRIT (2): Not valid template file:frontend\base\default\template\page/html/category-home.phtml
2017-11-16T04:13:56+00:00 ERR (3): Notice: Undefined index: files  in H:\xampp\htdocs\m1.9-controlbody\includes\src\__default.php on line 36750
2017-11-16T04:13:56+00:00 ERR (3): Warning: Invalid argument supplied for foreach()  in H:\xampp\htdocs\m1.9-controlbody\includes\src\__default.php on line 36828
2017-11-16T04:13:56+00:00 DEBUG (7): HEADERS ALREADY SENT: <pre>[0] H:\xampp\htdocs\m1.9-controlbody\includes\src\__default.php:18119
[1] H:\xampp\htdocs\m1.9-controlbody\includes\src\__default.php:18003
[2] H:\xampp\htdocs\m1.9-controlbody\includes\src\__default.php:18151
[3] H:\xampp\htdocs\m1.9-controlbody\includes\src\__default.php:18368
[4] H:\xampp\htdocs\m1.9-controlbody\includes\src\__default.php:21292
[5] H:\xampp\htdocs\m1.9-controlbody\app\Mage.php:683
[6] H:\xampp\htdocs\m1.9-controlbody\index.php:83
</pre>
2017-11-16T04:14:18+00:00 ERR (3): Notice: Undefined index: files  in H:\xampp\htdocs\m1.9-controlbody\includes\src\__default.php on line 36750
2017-11-16T04:14:18+00:00 ERR (3): Warning: Invalid argument supplied for foreach()  in H:\xampp\htdocs\m1.9-controlbody\includes\src\__default.php on line 36828
2017-11-16T04:14:23+00:00 ERR (3): Notice: Undefined index: files  in H:\xampp\htdocs\m1.9-controlbody\includes\src\__default.php on line 36750
2017-11-16T04:14:23+00:00 ERR (3): Warning: Invalid argument supplied for foreach()  in H:\xampp\htdocs\m1.9-controlbody\includes\src\__default.php on line 36828
2017-11-16T04:14:31+00:00 ERR (3): Notice: Undefined index: files  in H:\xampp\htdocs\m1.9-controlbody\includes\src\__default.php on line 36750
2017-11-16T04:14:31+00:00 ERR (3): Warning: Invalid argument supplied for foreach()  in H:\xampp\htdocs\m1.9-controlbody\includes\src\__default.php on line 36828
2017-11-16T04:14:31+00:00 DEBUG (7): HEADERS ALREADY SENT: <pre>[0] H:\xampp\htdocs\m1.9-controlbody\includes\src\__default.php:18119
[1] H:\xampp\htdocs\m1.9-controlbody\includes\src\__default.php:18003
[2] H:\xampp\htdocs\m1.9-controlbody\includes\src\__default.php:18151
[3] H:\xampp\htdocs\m1.9-controlbody\includes\src\__default.php:18368
[4] H:\xampp\htdocs\m1.9-controlbody\includes\src\__default.php:21292
[5] H:\xampp\htdocs\m1.9-controlbody\app\Mage.php:683
[6] H:\xampp\htdocs\m1.9-controlbody\index.php:83
</pre>
2017-11-16T04:14:38+00:00 ERR (3): Notice: Undefined index: files  in H:\xampp\htdocs\m1.9-controlbody\includes\src\__default.php on line 36750
2017-11-16T04:14:38+00:00 ERR (3): Warning: Invalid argument supplied for foreach()  in H:\xampp\htdocs\m1.9-controlbody\includes\src\__default.php on line 36828
2017-11-16T04:14:43+00:00 ERR (3): Notice: Undefined index: files  in H:\xampp\htdocs\m1.9-controlbody\includes\src\__default.php on line 36750
2017-11-16T04:14:43+00:00 ERR (3): Warning: Invalid argument supplied for foreach()  in H:\xampp\htdocs\m1.9-controlbody\includes\src\__default.php on line 36828
2017-11-16T04:14:43+00:00 DEBUG (7): HEADERS ALREADY SENT: <pre>[0] H:\xampp\htdocs\m1.9-controlbody\includes\src\__default.php:18119
[1] H:\xampp\htdocs\m1.9-controlbody\includes\src\__default.php:18003
[2] H:\xampp\htdocs\m1.9-controlbody\includes\src\__default.php:18151
[3] H:\xampp\htdocs\m1.9-controlbody\includes\src\__default.php:18368
[4] H:\xampp\htdocs\m1.9-controlbody\includes\src\__default.php:21292
[5] H:\xampp\htdocs\m1.9-controlbody\app\Mage.php:683
[6] H:\xampp\htdocs\m1.9-controlbody\index.php:83
</pre>
2017-11-16T04:14:47+00:00 ERR (3): Notice: Undefined index: files  in H:\xampp\htdocs\m1.9-controlbody\includes\src\__default.php on line 36750
2017-11-16T04:14:47+00:00 ERR (3): Warning: Invalid argument supplied for foreach()  in H:\xampp\htdocs\m1.9-controlbody\includes\src\__default.php on line 36828
2017-11-16T04:14:47+00:00 DEBUG (7): HEADERS ALREADY SENT: <pre>[0] H:\xampp\htdocs\m1.9-controlbody\includes\src\__default.php:18119
[1] H:\xampp\htdocs\m1.9-controlbody\includes\src\__default.php:18003
[2] H:\xampp\htdocs\m1.9-controlbody\includes\src\__default.php:18151
[3] H:\xampp\htdocs\m1.9-controlbody\includes\src\__default.php:18368
[4] H:\xampp\htdocs\m1.9-controlbody\includes\src\__default.php:21292
[5] H:\xampp\htdocs\m1.9-controlbody\app\Mage.php:683
[6] H:\xampp\htdocs\m1.9-controlbody\index.php:83
</pre>
2017-11-16T04:15:03+00:00 ERR (3): Notice: Undefined index: files  in H:\xampp\htdocs\m1.9-controlbody\includes\src\__default.php on line 36750
2017-11-16T04:15:03+00:00 ERR (3): Warning: Invalid argument supplied for foreach()  in H:\xampp\htdocs\m1.9-controlbody\includes\src\__default.php on line 36828
2017-11-16T04:15:08+00:00 ERR (3): Notice: Undefined index: files  in H:\xampp\htdocs\m1.9-controlbody\includes\src\__default.php on line 36750
2017-11-16T04:15:08+00:00 ERR (3): Warning: Invalid argument supplied for foreach()  in H:\xampp\htdocs\m1.9-controlbody\includes\src\__default.php on line 36828
2017-11-16T04:15:08+00:00 DEBUG (7): HEADERS ALREADY SENT: <pre>[0] H:\xampp\htdocs\m1.9-controlbody\includes\src\__default.php:18119
[1] H:\xampp\htdocs\m1.9-controlbody\includes\src\__default.php:18003
[2] H:\xampp\htdocs\m1.9-controlbody\includes\src\__default.php:18151
[3] H:\xampp\htdocs\m1.9-controlbody\includes\src\__default.php:18368
[4] H:\xampp\htdocs\m1.9-controlbody\includes\src\__default.php:21292
[5] H:\xampp\htdocs\m1.9-controlbody\app\Mage.php:683
[6] H:\xampp\htdocs\m1.9-controlbody\index.php:83
</pre>
2017-11-16T04:21:32+00:00 ERR (3): Notice: Undefined index: files  in H:\xampp\htdocs\m1.9-controlbody\includes\src\__default.php on line 36750
2017-11-16T04:21:32+00:00 ERR (3): Warning: Invalid argument supplied for foreach()  in H:\xampp\htdocs\m1.9-controlbody\includes\src\__default.php on line 36828
2017-11-16T04:21:32+00:00 DEBUG (7): HEADERS ALREADY SENT: <pre>[0] H:\xampp\htdocs\m1.9-controlbody\includes\src\__default.php:18119
[1] H:\xampp\htdocs\m1.9-controlbody\includes\src\__default.php:18003
[2] H:\xampp\htdocs\m1.9-controlbody\includes\src\__default.php:18151
[3] H:\xampp\htdocs\m1.9-controlbody\includes\src\__default.php:18368
[4] H:\xampp\htdocs\m1.9-controlbody\includes\src\__default.php:21292
[5] H:\xampp\htdocs\m1.9-controlbody\app\Mage.php:683
[6] H:\xampp\htdocs\m1.9-controlbody\index.php:83
</pre>
2017-11-16T04:21:42+00:00 ERR (3): Notice: Undefined index: files  in H:\xampp\htdocs\m1.9-controlbody\includes\src\__default.php on line 36750
2017-11-16T04:21:42+00:00 ERR (3): Warning: Invalid argument supplied for foreach()  in H:\xampp\htdocs\m1.9-controlbody\includes\src\__default.php on line 36828
2017-11-16T04:21:57+00:00 ERR (3): Notice: Undefined index: files  in H:\xampp\htdocs\m1.9-controlbody\includes\src\__default.php on line 36750
2017-11-16T04:21:57+00:00 ERR (3): Warning: Invalid argument supplied for foreach()  in H:\xampp\htdocs\m1.9-controlbody\includes\src\__default.php on line 36828
2017-11-16T04:22:25+00:00 ERR (3): Notice: Undefined index: files  in H:\xampp\htdocs\m1.9-controlbody\includes\src\__default.php on line 36750
2017-11-16T04:22:25+00:00 ERR (3): Warning: Invalid argument supplied for foreach()  in H:\xampp\htdocs\m1.9-controlbody\includes\src\__default.php on line 36828
2017-11-16T04:22:25+00:00 DEBUG (7): HEADERS ALREADY SENT: <pre>[0] H:\xampp\htdocs\m1.9-controlbody\includes\src\__default.php:18119
[1] H:\xampp\htdocs\m1.9-controlbody\includes\src\__default.php:18003
[2] H:\xampp\htdocs\m1.9-controlbody\includes\src\__default.php:18151
[3] H:\xampp\htdocs\m1.9-controlbody\includes\src\__default.php:18368
[4] H:\xampp\htdocs\m1.9-controlbody\includes\src\__default.php:21292
[5] H:\xampp\htdocs\m1.9-controlbody\app\Mage.php:683
[6] H:\xampp\htdocs\m1.9-controlbody\index.php:83
</pre>
2017-11-16T04:22:41+00:00 ERR (3): Notice: Undefined index: files  in H:\xampp\htdocs\m1.9-controlbody\includes\src\__default.php on line 36750
2017-11-16T04:22:41+00:00 ERR (3): Warning: Invalid argument supplied for foreach()  in H:\xampp\htdocs\m1.9-controlbody\includes\src\__default.php on line 36828
2017-11-16T04:22:41+00:00 DEBUG (7): HEADERS ALREADY SENT: <pre>[0] H:\xampp\htdocs\m1.9-controlbody\includes\src\__default.php:18119
[1] H:\xampp\htdocs\m1.9-controlbody\includes\src\__default.php:18003
[2] H:\xampp\htdocs\m1.9-controlbody\includes\src\__default.php:18151
[3] H:\xampp\htdocs\m1.9-controlbody\includes\src\__default.php:18368
[4] H:\xampp\htdocs\m1.9-controlbody\includes\src\__default.php:21292
[5] H:\xampp\htdocs\m1.9-controlbody\app\Mage.php:683
[6] H:\xampp\htdocs\m1.9-controlbody\index.php:83
</pre>
2017-11-16T07:04:38+00:00 ERR (3): Notice: Undefined index: files  in H:\xampp\htdocs\m1.9-controlbody\includes\src\__default.php on line 36750
2017-11-16T07:04:38+00:00 ERR (3): Warning: Invalid argument supplied for foreach()  in H:\xampp\htdocs\m1.9-controlbody\includes\src\__default.php on line 36828
2017-11-16T07:04:54+00:00 CRIT (2): Not valid template file:frontend\base\default\template\page/html/category-home.phtml
